C51 COMPILER V9.51   MAG_I2C_SLAVE                                                         05/28/2014 13:42:15 PAGE 1   


C51 COMPILER V9.51, COMPILATION OF MODULE MAG_I2C_SLAVE
OBJECT MODULE PLACED IN .\DP8051\DP8051_Keil_951\Debug\MAG_I2C_SLAVE.obj
COMPILER INVOKED BY: C:\Program Files (x86)\Cypress\PSoC Creator\3.0\PSoC Creator\import\keil\pk51\9.51\C51\BIN\c51.exe 
                    -.\Generated_Source\PSoC3\MAG_I2C_SLAVE.c NOIV LARGE MODDP2 OMF2 VB(1) PR(.\DP8051\DP8051_Keil_951\Debug\MAG_I2C_SLAVE.ls
                    -t) CD DB NOIP OT(2,SIZE) DF(DEBUG) INCDIR(.,.\Generated_Source\PSoC3) OJ(.\DP8051\DP8051_Keil_951\Debug\MAG_I2C_SLAVE.ob
                    -j)

line level    source

   1          /*******************************************************************************
   2          * File Name: MAG_I2C_SLAVE.c
   3          * Version 3.30
   4          *
   5          * Description:
   6          *  This file provides the source code of APIs for the I2C component Slave mode.
   7          *
   8          * Note:
   9          *
  10          *******************************************************************************
  11          * Copyright 2012, Cypress Semiconductor Corporation.  All rights reserved.
  12          * You may use this file only in accordance with the license, terms, conditions,
  13          * disclaimers, and limitations in the end user license agreement accompanying
  14          * the software package with which this file was provided.
  15          *******************************************************************************/
  16          
  17          #include "MAG_I2C_PVT.h"
  18          
  19          #if(MAG_I2C_MODE_SLAVE_ENABLED)
              
              /**********************************
              *      System variables
              **********************************/
              
              volatile uint8 MAG_I2C_slStatus;   /* Slave Status  */
              
              /* Transmit buffer variables */
              volatile uint8 * MAG_I2C_slRdBufPtr;   /* Pointer to Transmit buffer  */
              volatile uint8   MAG_I2C_slRdBufSize;  /* Slave Transmit buffer size  */
              volatile uint8   MAG_I2C_slRdBufIndex; /* Slave Transmit buffer Index */
              
              /* Receive buffer variables */
              volatile uint8 * MAG_I2C_slWrBufPtr;   /* Pointer to Receive buffer  */
              volatile uint8   MAG_I2C_slWrBufSize;  /* Slave Receive buffer size  */
              volatile uint8   MAG_I2C_slWrBufIndex; /* Slave Receive buffer Index */
              
              #if(MAG_I2C_SW_ADRR_DECODE)
                  volatile uint8 MAG_I2C_slAddress;  /* Software address variable */
              #endif   /* (MAG_I2C_SW_ADRR_DECODE) */
              
              
              /*******************************************************************************
              * Function Name: MAG_I2C_SlaveStatus
              ********************************************************************************
              *
              * Summary:
              *  Returns I2C slave's communication status.
              *
              * Parameters:
              *  None
              *
              * Return:
C51 COMPILER V9.51   MAG_I2C_SLAVE                                                         05/28/2014 13:42:15 PAGE 2   

              *  Current status of I2C slave.
              *
              * Global variables:
              *  MAG_I2C_slStatus  - used to store current status of I2C slave.
              *
              *******************************************************************************/
              uint8 MAG_I2C_SlaveStatus(void) 
              {
                  return(MAG_I2C_slStatus);
              }
              
              
              /*******************************************************************************
              * Function Name: MAG_I2C_SlaveClearReadStatus
              ********************************************************************************
              *
              * Summary:
              *  Clears the read status flags and returns they values.
              *  The MAG_I2C_SSTAT_RD_BUSY flag is not effected by clear.
              *
              * Parameters:
              *  None
              *
              * Return:
              *  Current read status of I2C slave.
              *
              * Global variables:
              *  MAG_I2C_slStatus  - used to store current status of I2C slave.
              *
              * Reentrant:
              *  No
              *
              *******************************************************************************/
              uint8 MAG_I2C_SlaveClearReadStatus(void) 
              {
                  uint8 status;
              
                  /* Mask of transfer complete flag and Error status */
                  status = (MAG_I2C_slStatus & MAG_I2C_SSTAT_RD_MASK);
                  MAG_I2C_slStatus &= ((uint8) ~MAG_I2C_SSTAT_RD_CLEAR);
              
                  return(status);
              }
              
              
              /*******************************************************************************
              * Function Name: MAG_I2C_SlaveClearWriteStatus
              ********************************************************************************
              *
              * Summary:
              *  Clears the write status flags and returns they values.
              *  The MAG_I2C_SSTAT_WR_BUSY flag is not effected by clear.
              *
              * Parameters:
              *  None
              *
              * Return:
              *  Current write status of I2C slave.
              *
              * Global variables:
              *  MAG_I2C_slStatus  - used to store current status of I2C slave.
              *
C51 COMPILER V9.51   MAG_I2C_SLAVE                                                         05/28/2014 13:42:15 PAGE 3   

              * Reentrant:
              *  No
              *
              *******************************************************************************/
              uint8 MAG_I2C_SlaveClearWriteStatus(void) 
              {
                  uint8 status;
              
                  /* Mask of transfer complete flag and Error status */
                  status = (MAG_I2C_slStatus & MAG_I2C_SSTAT_WR_MASK);
                  MAG_I2C_slStatus &= ((uint8) ~MAG_I2C_SSTAT_WR_CLEAR);
              
                  return(status);
              }
              
              
              /*******************************************************************************
              * Function Name: MAG_I2C_SlaveSetAddress
              ********************************************************************************
              *
              * Summary:
              *  Sets the I2C slave address.
              *
              * Parameters:
              *  address: I2C slave address for the primary device. This value may be any
              *  address between 0 and 127.
              *
              * Return:
              *  None
              *
              * Global variables:
              *  MAG_I2C_Address  - used to store I2C slave address for the primary
              *  device when software address detect feature is used.
              *
              * Reentrant:
              *  No
              *
              *******************************************************************************/
              void MAG_I2C_SlaveSetAddress(uint8 address) 
              {
                  #if(MAG_I2C_SW_ADRR_DECODE)
                      MAG_I2C_slAddress = (address & MAG_I2C_SLAVE_ADDR_MASK);
                  #else
                      MAG_I2C_ADDR_REG  = (address & MAG_I2C_SLAVE_ADDR_MASK);
                  #endif /* (MAG_I2C_SW_ADRR_DECODE) */
              }
              
              
              /*******************************************************************************
              * Function Name: MAG_I2C_SlaveInitReadBuf
              ********************************************************************************
              *
              * Summary:
              *  Sets the buffer pointer and size of the read buffer. This function also
              *  resets the transfer count returned with the I2C_SlaveGetReadBufSize function.
              *
              * Parameters:
              *  readBuf:  Pointer to the data buffer to be read by the master.
              *  bufSize:  Size of the read buffer exposed to the I2C master.
              *
              * Return:
              *  None
C51 COMPILER V9.51   MAG_I2C_SLAVE                                                         05/28/2014 13:42:15 PAGE 4   

              *
              * Global variables:
              *  MAG_I2C_slRdBufPtr   - used to store pointer to slave read buffer.
              *  MAG_I2C_slRdBufSize  - used to store salve read buffer size.
              *  MAG_I2C_slRdBufIndex - used to store current index within slave
              *  read buffer.
              *
              * Side Effects:
              *  If this function is called during a bus transaction, data from the previous
              *  buffer location and the beginning of current buffer may be transmitted.
              *
              * Reentrant:
              *  No
              *
              *******************************************************************************/
              void MAG_I2C_SlaveInitReadBuf(uint8 * rdBuf, uint8 bufSize)
                   
              {
                  /* Check for proper buffer */
                  if(NULL != rdBuf)
                  {
                      MAG_I2C_slRdBufPtr   = (volatile uint8 *) rdBuf;    /* Set buffer pointer */
                      MAG_I2C_slRdBufSize  = bufSize;    /* Set buffer size */
                      MAG_I2C_slRdBufIndex = 0u;         /* Clears buffer index */
                  }
              }
              
              
              /*******************************************************************************
              * Function Name: MAG_I2C_SlaveInitWriteBuf
              ********************************************************************************
              *
              * Summary:
              *  Sets the buffer pointer and size of the read buffer. This function also
              *  resets the transfer count returned with the I2C_SlaveGetReadBufSize function.
              *
              * Parameters:
              *  writeBuf:  Pointer to the data buffer to be read by the master.
              *  bufSize:  Size of the buffer exposed to the I2C master.
              *
              * Return:
              *  None
              *
              * Global variables:
              *  MAG_I2C_slWrBufPtr   - used to store pointer to slave write buffer.
              *  MAG_I2C_slWrBufSize  - used to store salve write buffer size.
              *  MAG_I2C_slWrBufIndex - used to store current index within slave
              *  write buffer.
              *
              * Side Effects:
              *  If this function is called during a bus transaction, data from the previous
              *  buffer location and the beginning of current buffer may be transmitted.
              *
              * Reentrant:
              *  No
              *
              *******************************************************************************/
              void MAG_I2C_SlaveInitWriteBuf(uint8 * wrBuf, uint8 bufSize)
                   
              {
                  /* Check for proper buffer */
                  if(NULL != wrBuf)
C51 COMPILER V9.51   MAG_I2C_SLAVE                                                         05/28/2014 13:42:15 PAGE 5   

                  {
                      MAG_I2C_slWrBufPtr   = (volatile uint8 *) wrBuf;  /* Set buffer pointer */
                      MAG_I2C_slWrBufSize  = bufSize;   /* Set buffer size */
                      MAG_I2C_slWrBufIndex = 0u;        /* Clears buffer index */
                  }
              }
              
              
              /*******************************************************************************
              * Function Name: MAG_I2C_SlaveGetReadBufSize
              ********************************************************************************
              *
              * Summary:
              *  Returns the number of bytes read by the I2C master since an
              *  I2C_SlaveInitReadBuf or I2C_SlaveClearReadBuf function was executed.
              *  The maximum return value will be the size of the read buffer.
              *
              * Parameters:
              *  None
              *
              * Return:
              *  Bytes read by master.
              *
              * Global variables:
              *  MAG_I2C_slRdBufIndex - used to store current index within slave
              *  read buffer.
              *
              *******************************************************************************/
              uint8 MAG_I2C_SlaveGetReadBufSize(void) 
              {
                  return(MAG_I2C_slRdBufIndex);
              }
              
              
              /*******************************************************************************
              * Function Name: MAG_I2C_SlaveGetWriteBufSize
              ********************************************************************************
              *
              * Summary:
              *  Returns the number of bytes written by the I2C master since an
              *  I2C_SlaveInitWriteBuf or I2C_SlaveClearWriteBuf function was executed.
              *  The maximum return value will be the size of the write buffer.
              *
              * Parameters:
              *  None
              *
              * Return:
              *  Bytes written by master.
              *
              * Global variables:
              *  MAG_I2C_slWrBufIndex - used to store current index within slave
              *  write buffer.
              *
              *******************************************************************************/
              uint8 MAG_I2C_SlaveGetWriteBufSize(void) 
              {
                  return(MAG_I2C_slWrBufIndex);
              }
              
              
              /*******************************************************************************
              * Function Name: MAG_I2C_SlaveClearReadBuf
C51 COMPILER V9.51   MAG_I2C_SLAVE                                                         05/28/2014 13:42:15 PAGE 6   

              ********************************************************************************
              *
              * Summary:
              *  Resets the read pointer to the first byte in the read buffer. The next byte
              *  read by the master will be the first byte in the read buffer.
              *
              * Parameters:
              *  None
              *
              * Return:
              *  None
              *
              * Global variables:
              *  MAG_I2C_slRdBufIndex - used to store current index within slave
              *  read buffer.
              *
              * Reentrant:
              *  No
              *
              *******************************************************************************/
              void MAG_I2C_SlaveClearReadBuf(void) 
              {
                  MAG_I2C_slRdBufIndex = 0u;
              }
              
              
              /*******************************************************************************
              * Function Name: MAG_I2C_SlaveClearRxBuf
              ********************************************************************************
              *
              * Summary:
              *  Resets the write pointer to the first byte in the write buffer. The next byte
              *  written by the master will be the first byte in the write buffer.
              *
              * Parameters:
              *  None
              *
              * Return:
              *  None
              *
              * Global variables:
              *  MAG_I2C_slWrBufIndex - used to store current index within slave
              *  write buffer.
              *
              * Reentrant:
              *  No
              *
              *******************************************************************************/
              void MAG_I2C_SlaveClearWriteBuf(void) 
              {
                  MAG_I2C_slWrBufIndex = 0u;
              }
              
              #endif /* (MAG_I2C_MODE_SLAVE_ENABLED) */
 355          
 356          
 357          /* [] END OF FILE */
C51 COMPILER V9.51   MAG_I2C_SLAVE                                                         05/28/2014 13:42:15 PAGE 7   

ASSEMBLY LISTING OF GENERATED OBJECT CODE




MODULE INFORMATION:   STATIC OVERLAYABLE
   CODE SIZE        =   ----    ----
   CONSTANT SIZE    =   ----    ----
   XDATA SIZE       =   ----    ----
   PDATA SIZE       =   ----    ----
   DATA SIZE        =   ----    ----
   IDATA SIZE       =   ----    ----
   BIT SIZE         =   ----    ----
   EDATA SIZE       =   ----    ----
   HDATA SIZE       =   ----    ----
   XDATA CONST SIZE =   ----    ----
   FAR CONST SIZE   =   ----    ----
END OF MODULE INFORMATION.


C51 COMPILATION COMPLETE.  0 WARNING(S),  0 ERROR(S)
