C51 COMPILER V9.51   MAG_I2C_BOOT                                                          05/28/2014 13:42:14 PAGE 1   


C51 COMPILER V9.51, COMPILATION OF MODULE MAG_I2C_BOOT
OBJECT MODULE PLACED IN .\DP8051\DP8051_Keil_951\Debug\MAG_I2C_BOOT.obj
COMPILER INVOKED BY: C:\Program Files (x86)\Cypress\PSoC Creator\3.0\PSoC Creator\import\keil\pk51\9.51\C51\BIN\c51.exe 
                    -.\Generated_Source\PSoC3\MAG_I2C_BOOT.c NOIV LARGE MODDP2 OMF2 VB(1) PR(.\DP8051\DP8051_Keil_951\Debug\MAG_I2C_BOOT.lst)
                    - CD DB NOIP OT(2,SIZE) DF(DEBUG) INCDIR(.,.\Generated_Source\PSoC3) OJ(.\DP8051\DP8051_Keil_951\Debug\MAG_I2C_BOOT.obj)

line level    source

   1          /*******************************************************************************
   2          * File Name: MAG_I2C_BOOT.c
   3          * Version 3.30
   4          *
   5          * Description:
   6          *  This file provides the source code of bootloader communication APIs for the
   7          *  I2C component.
   8          *
   9          * Note:
  10          *
  11          ********************************************************************************
  12          * Copyright 2008-2012, Cypress Semiconductor Corporation.  All rights reserved.
  13          * You may use this file only in accordance with the license, terms, conditions,
  14          * disclaimers, and limitations in the end user license agreement accompanying
  15          * the software package with which this file was provided.
  16          *******************************************************************************/
  17          
  18          #include "MAG_I2C_PVT.h"
  19          
  20          #if defined(CYDEV_BOOTLOADER_IO_COMP) && (MAG_I2C_BOOTLOADER_INTERFACE_ENABLED)
              
              
              /***************************************
              *    Bootloader Internal Variables
              ***************************************/
              
              /* I2C write buffer: Host writes command here */
              static uint8 XDATA MAG_I2C_slReadBuf[MAG_I2C_BTLDR_SIZEOF_READ_BUFFER];
              
              /* I2C read buffer: Host reads responses from it */
              static uint8 XDATA MAG_I2C_slWriteBuf[MAG_I2C_BTLDR_SIZEOF_WRITE_BUFFER];
              
              
              /*******************************************************************************
              * Function Name: MAG_I2C_CyBtldrCommStart
              ********************************************************************************
              *
              * Summary:
              *  Starts the communication component and enables the interrupt.
              *  The read buffer initial state is full and the read always is 0xFFu.
              *  The write buffer is clear and ready to receive a commmand.
              *
              * Parameters:
              *  None
              *
              * Return:
              *  None
              *
              * Side Effects:
              *  This fucntion enables component interrupt. If I2C is enabled
              *  without the interrupt enabled, it could lock up the I2C bus.
              *
              * Global variables:
C51 COMPILER V9.51   MAG_I2C_BOOT                                                          05/28/2014 13:42:14 PAGE 2   

              *  MAG_I2C_slWriteBuf - used to store received command.
              *  MAG_I2C_slReadBuf - used to store response.
              *  MAG_I2C_slRdBufIndex - used to store current index within slave
              *  read buffer.
              *
              *******************************************************************************/
              void MAG_I2C_CyBtldrCommStart(void) CYSMALL 
              {
                  /* Set Write buffer */
                  MAG_I2C_SlaveInitWriteBuf(MAG_I2C_slWriteBuf, MAG_I2C_BTLDR_SIZEOF_WRITE_BUFFER);
              
                  /* Set Read buffer which has zero elements */
                  MAG_I2C_SlaveInitReadBuf(MAG_I2C_slReadBuf, 0u);
              
                  /* Enable power to I2C Module */
                  MAG_I2C_Start();
              }
              
              
              /*******************************************************************************
              * Function Name: MAG_I2C_CyBtldrCommStop
              ********************************************************************************
              *
              * Summary:
              *  Disables the communication component and disables the interrupt.
              *
              * Parameters:
              *  None
              *
              * Return:
              *  None
              *
              *******************************************************************************/
              void MAG_I2C_CyBtldrCommStop(void) CYSMALL 
              {
                  /* Stop I2C component */
                  MAG_I2C_Stop();
              }
              
              
              /*******************************************************************************
              * Function Name: MAG_I2C_CyBtldrCommReset
              ********************************************************************************
              *
              * Summary:
              *  Set buffers to the initial state and reset the statuses.
              *  The read buffer initial state is full and the read always is 0xFFu.
              *  The write buffer is clear and ready to receive a commmand.
              *
              * Parameters:
              *  None
              *
              * Return:
              *  None
              *
              * Global variables:
              *  MAG_I2C_slRdBufIndex - used to store current index within slave
              *  read buffer.
              *
              *******************************************************************************/
              void MAG_I2C_CyBtldrCommReset(void) CYSMALL 
              {
C51 COMPILER V9.51   MAG_I2C_BOOT                                                          05/28/2014 13:42:14 PAGE 3   

                  /* Make the Read buffer full */
                  MAG_I2C_slRdBufSize = 0u;
              
                  /* Reset Write buffer and Read buffer */
                  MAG_I2C_slRdBufIndex = 0u;
                  MAG_I2C_slWrBufIndex = 0u;
              
                  /* Clear read and write status */
                  MAG_I2C_slStatus = 0u;
              }
              
              
              /*******************************************************************************
              * Function Name: MAG_I2C_CyBtldrCommWrite
              ********************************************************************************
              *
              * Summary:
              *  Transmits the status of executed command to the Host.
              *  The function updates the I2C read buffer with response and realeases it to
              *  the host. All reads return 0xFF till the buffer will be released. All bytes
              *  are transfered by the I2C ISR.
              *  The function waits with timeout till all bytes will be read.
              *  After exist this function the reads return 0xFF.
              *
              * Parameters:
              *  pData:    pointer to data buffer with response command.
              *  size:     number of bytes required to be transmitted.
              *  count:    actual size of data was transmitted.
              *  timeOut:  timeout value in tries of 10uS.
              *
              * Return:
              *  Status of transmit operation.
              *
              * Global variables:
              *  MAG_I2C_slReadBuf - used to store response.
              *  MAG_I2C_slRdBufIndex - used to store current index within slave
              *  read buffer.
              *
              *******************************************************************************/
              cystatus MAG_I2C_CyBtldrCommWrite(const uint8 pData[], uint16 size, uint16 * count, uint8 timeOut) CYSMALL
                       
              {
                  cystatus status;
                  uint16 timeoutMs;
              
                  status = CYRET_BAD_PARAM;
              
                  if((NULL != pData) && (size > 0u))
                  {
                      status = CYRET_TIMEOUT;
                      timeoutMs = ((uint16) 10u * timeOut);  /* Convert from 10mS check to 1mS checks */
              
                      /* Copy pData to component buffer */
                      (void) memcpy((void *) MAG_I2C_slReadBuf, (void *) pData, size);
                      *count = size;  /* Buffer was copied to I2C buffer */
              
                      /* The buffer is free to be read */
                      MAG_I2C_slRdBufSize = ((uint8) size);
              
                      while(0u != timeoutMs)  /* Wait till response will be read */
                      {
                          /* Check if host complete read */
C51 COMPILER V9.51   MAG_I2C_BOOT                                                          05/28/2014 13:42:14 PAGE 4   

                          if(MAG_I2C_slRdBufIndex == ((uint8) size))
                          {
                              MAG_I2C_slRdBufSize  = 0u;
                              MAG_I2C_slRdBufIndex = 0u;
              
                              status = CYRET_SUCCESS;
                              break;
                          }
              
                          CyDelay(MAG_I2C_WAIT_1_MS);
                          timeoutMs--;
                      }
                  }
              
                  return(status);
              }
              
              
              /*******************************************************************************
              * Function Name: MAG_I2C_CyBtldrCommRead
              ********************************************************************************
              *
              * Summary:
              *  Receives the command from the Host.
              *  All bytes are received by the I2C ISR and stored in internal I2C buffer. The
              *  function checks status with timeout to detemine the end of transfer and
              *  then copy data to bootloader buffer.
              *  After exist this function the I2C ISR is able to receive more data.
              *
              * Parameters:
              *  pData:    pointer to data buffer to store command.
              *  size:     maximum number of bytes which could to be passed back.
              *  count:    actual size of data was received.
              *  timeOut:  timeout value in tries of 10uS.
              *
              * Return:
              *  Status of receive operation.
              *
              * Global variables:
              *  MAG_I2C_slWriteBuf - used to store received command.
              *
              *******************************************************************************/
              cystatus MAG_I2C_CyBtldrCommRead(uint8 pData[], uint16 size, uint16 * count, uint8 timeOut) CYSMALL
                       
              {
                  cystatus status;
                  uint16 timeoutMs;
                  uint8 byteCount;
              
                  status = CYRET_BAD_PARAM;
              
                  if((NULL != pData) && (size > 0u))
                  {
                      status = CYRET_TIMEOUT;
                      timeoutMs = ((uint16) 10u * timeOut);  /* Convert from 10mS checks to 1mS checks */
              
                      while(0u != timeoutMs)  /* Wait for command from the host */
                      {
                          /* Check if the host complete write */
                          if(0u != (MAG_I2C_slStatus & MAG_I2C_SSTAT_WR_CMPLT))
                          {
                              /* How many bytes the host has been written */
C51 COMPILER V9.51   MAG_I2C_BOOT                                                          05/28/2014 13:42:14 PAGE 5   

                              byteCount = MAG_I2C_slWrBufIndex;
                              *count = (uint16) byteCount;
              
                              /* Copy command to pData buffer */
                              (void) memcpy((void *) pData, (void *) MAG_I2C_slWriteBuf,
                                            MAG_I2C_MIN_UNT16(byteCount, size));
              
                              /* Clear I2C write buffer and status */
                              MAG_I2C_slStatus     = 0u;
                              MAG_I2C_slWrBufIndex = 0u;
              
                              status = CYRET_SUCCESS;
                              break;
                          }
              
                          CyDelay(MAG_I2C_WAIT_1_MS);
                          timeoutMs--;
                      }
                  }
              
                  return(status);
              }
              
              #endif /* defined(CYDEV_BOOTLOADER_IO_COMP) && (MAG_I2C_BOOTLOADER_INTERFACE_ENABLED) */
 264          
 265          
 266          /* [] END OF FILE */
C51 COMPILER V9.51   MAG_I2C_BOOT                                                          05/28/2014 13:42:14 PAGE 6   

ASSEMBLY LISTING OF GENERATED OBJECT CODE




MODULE INFORMATION:   STATIC OVERLAYABLE
   CODE SIZE        =   ----    ----
   CONSTANT SIZE    =   ----    ----
   XDATA SIZE       =   ----    ----
   PDATA SIZE       =   ----    ----
   DATA SIZE        =   ----    ----
   IDATA SIZE       =   ----    ----
   BIT SIZE         =   ----    ----
   EDATA SIZE       =   ----    ----
   HDATA SIZE       =   ----    ----
   XDATA CONST SIZE =   ----    ----
   FAR CONST SIZE   =   ----    ----
END OF MODULE INFORMATION.


C51 COMPILATION COMPLETE.  0 WARNING(S),  0 ERROR(S)
